2021-03-24 12:19:57,549 [Worker-5: Loading available Gradle versions] INFO  o.e.b.c.i.u.g.PublishedGradleVersions - Gradle version information cache is up-to-date. Trying to read.
2021-03-24 12:22:20,628 [Worker-5: Importing Maven projects] INFO  o.e.m.c.i.l.LifecycleMappingFactory - Using org.eclipse.m2e.jdt.JarLifecycleMapping lifecycle mapping for MavenProject: com.luv2code.springboot:thymeleafdemo-employees-crud-security-with-jdbc-authentication:1.0.0 @ C:\rdhar\GIT\Final Employee\web-rd-employee-management-application\pom.xml.
2021-03-24 12:22:24,810 [Worker-5: Importing Maven projects] INFO  o.e.m.j.i.AbstractJavaProjectConfigurator - Adding source folder /web-rd-employee-management-application/src/main/java
2021-03-24 12:22:24,812 [Worker-5: Importing Maven projects] INFO  o.e.m.j.i.AbstractJavaProjectConfigurator - Adding resource folder /web-rd-employee-management-application/src/main/resources
2021-03-24 12:22:24,822 [Worker-5: Importing Maven projects] INFO  o.e.m.j.i.AbstractJavaProjectConfigurator - Adding resource folder /web-rd-employee-management-application/src/main/resources
2021-03-24 12:22:24,826 [Worker-5: Importing Maven projects] INFO  o.e.m.j.i.AbstractJavaProjectConfigurator - Adding source folder /web-rd-employee-management-application/src/test/java
2021-03-24 12:22:26,498 [Worker-5: Importing Maven projects] INFO  o.e.m.c.i.p.ProjectConfigurationManager - Imported and configured 1 project(s) in 12 sec
2021-03-24 12:22:42,081 [Worker-15: Building] INFO  o.e.m.c.i.embedder.EclipseLogger - Using 'UTF-8' encoding to copy filtered resources.
2021-03-24 12:22:42,109 [Worker-15: Building] INFO  o.e.m.c.i.embedder.EclipseLogger - Copying 1 resource
2021-03-24 12:22:42,135 [Worker-15: Building] INFO  o.e.m.c.i.embedder.EclipseLogger - Copying 7 resources
2021-03-24 12:22:42,182 [Worker-15: Building] INFO  o.e.m.c.i.embedder.EclipseLogger - Using 'UTF-8' encoding to copy filtered resources.
2021-03-24 12:22:42,182 [Worker-15: Building] INFO  o.e.m.c.i.embedder.EclipseLogger - skip non existing resourceDirectory C:\rdhar\GIT\Final Employee\web-rd-employee-management-application\src\test\resources
2021-03-24 12:23:33,957 [Worker-15: Importing Maven projects] INFO  o.e.m.c.i.l.LifecycleMappingFactory - Using org.eclipse.m2e.jdt.JarLifecycleMapping lifecycle mapping for MavenProject: com.luv2code.springboot:thymeleafdemo-employees-crud-security-with-jdbc-authentication:1.0.0 @ C:\rdhar\GIT\Final Employee\web-rd-employee-management-application\pom.xml.
2021-03-24 12:23:34,827 [Worker-15: Importing Maven projects] INFO  o.e.m.j.i.AbstractJavaProjectConfigurator - Adding source folder /web-rd-employee-management-application/src/main/java
2021-03-24 12:23:34,828 [Worker-15: Importing Maven projects] INFO  o.e.m.j.i.AbstractJavaProjectConfigurator - Adding resource folder /web-rd-employee-management-application/src/main/resources
2021-03-24 12:23:34,829 [Worker-15: Importing Maven projects] INFO  o.e.m.j.i.AbstractJavaProjectConfigurator - Adding resource folder /web-rd-employee-management-application/src/main/resources
2021-03-24 12:23:34,830 [Worker-15: Importing Maven projects] INFO  o.e.m.j.i.AbstractJavaProjectConfigurator - Adding source folder /web-rd-employee-management-application/src/test/java
2021-03-24 12:23:38,213 [Worker-15: Importing Maven projects] INFO  o.e.m.c.i.p.ProjectConfigurationManager - Imported and configured 1 project(s) in 5 sec
2021-03-24 12:23:45,890 [Worker-5: Building] INFO  o.e.m.c.i.embedder.EclipseLogger - Using 'UTF-8' encoding to copy filtered resources.
2021-03-24 12:23:45,892 [Worker-5: Building] INFO  o.e.m.c.i.embedder.EclipseLogger - Copying 1 resource
2021-03-24 12:23:46,014 [Worker-5: Building] INFO  o.e.m.c.i.embedder.EclipseLogger - Copying 7 resources
2021-03-24 12:23:46,102 [Worker-5: Building] INFO  o.e.m.c.i.embedder.EclipseLogger - Using 'UTF-8' encoding to copy filtered resources.
2021-03-24 12:23:46,106 [Worker-5: Building] INFO  o.e.m.c.i.embedder.EclipseLogger - skip non existing resourceDirectory C:\rdhar\GIT\Final Employee\web-rd-employee-management-application\src\test\resources
2021-03-24 12:24:43,173 [Worker-17: Building] INFO  o.e.m.c.i.l.LifecycleMappingFactory - Using org.eclipse.m2e.jdt.JarLifecycleMapping lifecycle mapping for MavenProject: com.rd.springboot:thymeleafdemo-employees-crud-security-with-jdbc-authentication:1.0.0 @ C:\rdhar\GIT\Final Employee\web-rd-employee-management-application\pom.xml.
2021-03-24 12:24:44,278 [Worker-17: Building] INFO  o.e.m.c.i.embedder.EclipseLogger - Using 'UTF-8' encoding to copy filtered resources.
2021-03-24 12:24:44,282 [Worker-17: Building] INFO  o.e.m.c.i.embedder.EclipseLogger - Copying 0 resource
2021-03-24 12:24:44,283 [Worker-17: Building] INFO  o.e.m.c.i.embedder.EclipseLogger - Copying 0 resource
2021-03-24 12:24:44,286 [Worker-17: Building] INFO  o.e.m.c.i.embedder.EclipseLogger - Using 'UTF-8' encoding to copy filtered resources.
2021-03-24 12:24:44,287 [Worker-17: Building] INFO  o.e.m.c.i.embedder.EclipseLogger - skip non existing resourceDirectory C:\rdhar\GIT\Final Employee\web-rd-employee-management-application\src\test\resources
2021-03-24 12:25:07,247 [Worker-16: Building] INFO  o.e.m.c.i.l.LifecycleMappingFactory - Using org.eclipse.m2e.jdt.JarLifecycleMapping lifecycle mapping for MavenProject: com.rd.springboot:employees-app:1.0.0 @ C:\rdhar\GIT\Final Employee\web-rd-employee-management-application\pom.xml.
2021-03-24 12:25:08,558 [Worker-16: Building] INFO  o.e.m.c.i.embedder.EclipseLogger - Using 'UTF-8' encoding to copy filtered resources.
2021-03-24 12:25:08,563 [Worker-16: Building] INFO  o.e.m.c.i.embedder.EclipseLogger - Copying 0 resource
2021-03-24 12:25:08,563 [Worker-16: Building] INFO  o.e.m.c.i.embedder.EclipseLogger - Copying 0 resource
2021-03-24 12:25:08,566 [Worker-16: Building] INFO  o.e.m.c.i.embedder.EclipseLogger - Using 'UTF-8' encoding to copy filtered resources.
2021-03-24 12:25:08,567 [Worker-16: Building] INFO  o.e.m.c.i.embedder.EclipseLogger - skip non existing resourceDirectory C:\rdhar\GIT\Final Employee\web-rd-employee-management-application\src\test\resources
2021-03-24 12:25:26,078 [Worker-14: Importing Maven projects] INFO  o.e.m.c.i.l.LifecycleMappingFactory - Using org.eclipse.m2e.jdt.JarLifecycleMapping lifecycle mapping for MavenProject: com.rd.springboot:employees-app:1.0.0 @ C:\rdhar\GIT\Final Employee\web-rd-employee-management-application\pom.xml.
2021-03-24 12:25:27,023 [Worker-14: Importing Maven projects] INFO  o.e.m.j.i.AbstractJavaProjectConfigurator - Adding source folder /web-rd-employee-management-application/src/main/java
2021-03-24 12:25:27,024 [Worker-14: Importing Maven projects] INFO  o.e.m.j.i.AbstractJavaProjectConfigurator - Adding resource folder /web-rd-employee-management-application/src/main/resources
2021-03-24 12:25:27,024 [Worker-14: Importing Maven projects] INFO  o.e.m.j.i.AbstractJavaProjectConfigurator - Adding resource folder /web-rd-employee-management-application/src/main/resources
2021-03-24 12:25:27,025 [Worker-14: Importing Maven projects] INFO  o.e.m.j.i.AbstractJavaProjectConfigurator - Adding source folder /web-rd-employee-management-application/src/test/java
2021-03-24 12:25:27,563 [Worker-14: Importing Maven projects] INFO  o.e.m.c.i.p.ProjectConfigurationManager - Imported and configured 1 project(s) in 2 sec
2021-03-24 12:25:30,253 [Worker-14: Building] INFO  o.e.m.c.i.embedder.EclipseLogger - Using 'UTF-8' encoding to copy filtered resources.
2021-03-24 12:25:30,254 [Worker-14: Building] INFO  o.e.m.c.i.embedder.EclipseLogger - Copying 1 resource
2021-03-24 12:25:30,294 [Worker-14: Building] INFO  o.e.m.c.i.embedder.EclipseLogger - Copying 7 resources
2021-03-24 12:25:30,340 [Worker-14: Building] INFO  o.e.m.c.i.embedder.EclipseLogger - Using 'UTF-8' encoding to copy filtered resources.
2021-03-24 12:25:30,340 [Worker-14: Building] INFO  o.e.m.c.i.embedder.EclipseLogger - skip non existing resourceDirectory C:\rdhar\GIT\Final Employee\web-rd-employee-management-application\src\test\resources
